Unity Editor version:    2020.3.19f1 (68f137dc9bbe)
Branch:                  2020.3/staging
Build type:              Release
Batch mode:              YES
macOS version:           Version 11.6 (Build 20G165)
Darwin version:          20.6.0
Architecture:            x86_64
Running under Rosetta:   NO
Available memory:        16384 MB
Using pre-set license
Pro License: NO

COMMAND LINE ARGUMENTS:
/Applications/Unity/Hub/Editor/2020.3.19f1/Unity.app/Contents/MacOS/Unity
-adb2
-batchMode
-noUpm
-name
AssetImportWorker0
-projectPath
/Users/hayeong/Documents/Flappyclone/FlappyClone
-logFile
Logs/AssetImportWorker0.log
-srvPort
52795
Successfully changed project path to: /Users/hayeong/Documents/Flappyclone/FlappyClone
/Users/hayeong/Documents/Flappyclone/FlappyClone
Using Asset Import Pipeline V2.
Refreshing native plugins compatible for Editor in 44.45 ms, found 3 plugins.
Preloading 0 native plugins for Editor in 0.00 ms.
Initialize engine version: 2020.3.19f1 (68f137dc9bbe)
[Subsystems] Discovering subsystems at path /Applications/Unity/Hub/Editor/2020.3.19f1/Unity.app/Contents/Resources/UnitySubsystems
[Subsystems] Discovering subsystems at path /Users/hayeong/Documents/Flappyclone/FlappyClone/Assets
GfxDevice: creating device client; threaded=0
2021-10-03 21:12:22.130 Unity[3326:322762] Color LCD preferred device: Intel(R) UHD Graphics 630 (low power)
2021-10-03 21:12:22.130 Unity[3326:322762] Metal devices available: 2
2021-10-03 21:12:22.130 Unity[3326:322762] 0: AMD Radeon Pro 5300M (high power)
2021-10-03 21:12:22.130 Unity[3326:322762] 1: Intel(R) UHD Graphics 630 (low power)
2021-10-03 21:12:22.131 Unity[3326:322762] Using device AMD Radeon Pro 5300M (high power)
Initializing Metal device caps: AMD Radeon Pro 5300M
Initialize mono
Mono path[0] = '/Applications/Unity/Hub/Editor/2020.3.19f1/Unity.app/Contents/Managed'
Mono path[1] = '/Applications/Unity/Hub/Editor/2020.3.19f1/Unity.app/Contents/MonoBleedingEdge/lib/mono/unityjit'
Mono config path = '/Applications/Unity/Hub/Editor/2020.3.19f1/Unity.app/Contents/MonoBleedingEdge/etc'
Using monoOptions --debugger-agent=transport=dt_socket,embedding=1,server=y,suspend=n,address=127.0.0.1:56326
Begin MonoManager ReloadAssembly
Registering precompiled unity dll's ...
Register platform support module: /Applications/Unity/Hub/Editor/2020.3.19f1/Unity.app/Contents/PlaybackEngines/MacStandaloneSupport/UnityEditor.OSXStandalone.Extensions.dll
Registered in 0.000516 seconds.
Native extension for OSXStandalone target not found
Refreshing native plugins compatible for Editor in 38.75 ms, found 3 plugins.
Preloading 0 native plugins for Editor in 0.00 ms.
Mono: successfully reloaded assembly
- Completed reload, in  2.815 seconds
Domain Reload Profiling:
	ReloadAssembly (2815ms)
		BeginReloadAssembly (48ms)
			ExecutionOrderSort (0ms)
			DisableScriptedObjects (0ms)
			BackupInstance (0ms)
			ReleaseScriptingObjects (0ms)
			CreateAndSetChildDomain (1ms)
		EndReloadAssembly (468ms)
			LoadAssemblies (47ms)
			RebuildTransferFunctionScriptingTraits (0ms)
			SetupTypeCache (191ms)
			ReleaseScriptCaches (0ms)
			RebuildScriptCaches (41ms)
			SetupLoadedEditorAssemblies (182ms)
				LogAssemblyErrors (0ms)
				InitializePlatformSupportModulesInManaged (4ms)
				SetLoadedEditorAssemblies (0ms)
				RefreshPlugins (39ms)
				BeforeProcessingInitializeOnLoad (8ms)
				ProcessInitializeOnLoadAttributes (99ms)
				ProcessInitializeOnLoadMethodAttributes (31ms)
				AfterProcessingInitializeOnLoad (0ms)
				EditorAssembliesLoaded (0ms)
			ExecutionOrderSort2 (0ms)
			AwakeInstancesAfterBackupRestoration (0ms)
Platform modules already initialized, skipping
Registering precompiled user dll's ...
Registered in 0.001260 seconds.
Begin MonoManager ReloadAssembly
Native extension for OSXStandalone target not found
Refreshing native plugins compatible for Editor in 34.32 ms, found 3 plugins.
Preloading 0 native plugins for Editor in 0.00 ms.
Mono: successfully reloaded assembly
- Completed reload, in  1.141 seconds
Domain Reload Profiling:
	ReloadAssembly (1142ms)
		BeginReloadAssembly (168ms)
			ExecutionOrderSort (0ms)
			DisableScriptedObjects (5ms)
			BackupInstance (0ms)
			ReleaseScriptingObjects (0ms)
			CreateAndSetChildDomain (30ms)
		EndReloadAssembly (905ms)
			LoadAssemblies (83ms)
			RebuildTransferFunctionScriptingTraits (0ms)
			SetupTypeCache (336ms)
			ReleaseScriptCaches (0ms)
			RebuildScriptCaches (56ms)
			SetupLoadedEditorAssemblies (317ms)
				LogAssemblyErrors (0ms)
				InitializePlatformSupportModulesInManaged (3ms)
				SetLoadedEditorAssemblies (0ms)
				RefreshPlugins (34ms)
				BeforeProcessingInitializeOnLoad (53ms)
				ProcessInitializeOnLoadAttributes (212ms)
				ProcessInitializeOnLoadMethodAttributes (12ms)
				AfterProcessingInitializeOnLoad (1ms)
				EditorAssembliesLoaded (0ms)
			ExecutionOrderSort2 (0ms)
			AwakeInstancesAfterBackupRestoration (7ms)
Platform modules already initialized, skipping
Validating Project structure ... 0.000186 seconds.
Shader import version has changed; will reimport all shaders...
Upgrading shader files ...0.000205 seconds.
Application.AssetDatabase Initial Script Refresh Start
RefreshInfo: InitialScriptRefreshV2(NoUpdateAssetOptions) scanfilter:  ... 1 filters
RefreshProfiler: Total: 0.000ms
Application.AssetDatabase Initial Script Refresh End
Application.AssetDatabase.Refresh Start
Application.AssetDatabase.Refresh End
RefreshInfo: StopAssetImportingV2(ForceSynchronousImport) scanfilter: 
RefreshProfiler: Total: 0.000ms
Launching external process: /Applications/Unity/Hub/Editor/2020.3.19f1/Unity.app/Contents/Tools/UnityShaderCompiler
Launched and connected shader compiler UnityShaderCompiler after 0.01 seconds
Initializing Unity extensions:
========================================================================
Worker process is ready to serve import requests
Refreshing native plugins compatible for Editor in 0.37 ms, found 3 plugins.
Preloading 0 native plugins for Editor in 0.00 ms.
Unloading 2092 Unused Serialized files (Serialized files now loaded: 0)
System memory in use before: 198.0 MB.
System memory in use after: 197.2 MB.

Unloading 99 unused Assets to reduce memory usage. Loaded Objects now: 2570.
Total: 3.970131 ms (FindLiveObjects: 0.249763 ms CreateObjectMapping: 0.099004 ms MarkObjects: 3.094625 ms  DeleteObjects: 0.525703 ms)

AssetImportParameters requested are different than current active one (requested -> active):
  custom:video-decoder-ogg-theora: a1e56fd34408186e4bbccfd4996cb3dc -> 
  custom:container-muxer-webm: aa71ff27fc2769a1b78a27578f13a17b -> 
  custom:container-demuxer-webm: 4f35f7cbe854078d1ac9338744f61a02 -> 
  custom:container-demuxer-ogg: 62fdf1f143b41e24485cea50d1cbac27 -> 
  custom:video-encoder-webm-vp8: eb34c28f22e8b96e1ab97ce403110664 -> 
  custom:framework-osx-AVFoundation: e770b220cccbd017edd2c1fefb359320 -> 
  custom:video-decoder-webm-vp8: 9c59270c3fd7afecdb556c50c9e8de78 -> 
  custom:audio-decoder-ogg-vorbis: bf7c407c2cedff20999df2af8eb42d56 -> 
  custom:audio-encoder-webm-vorbis: bf7c407c2cedff20999df2af8eb42d56 -> 
========================================================================
Received Import Request.
  path: Assets/ground 2.controller
  artifactKey: Guid(d9358fc1eb5654bbf927dbd2f63d006f) Importer(815301076,1909f56bfc062723c751e8b465ee728b)
Start importing Assets/ground 2.controller using Guid(d9358fc1eb5654bbf927dbd2f63d006f) Importer(815301076,1909f56bfc062723c751e8b465ee728b)  -> (artifact id: '96ba490fbb35850d37704bbe22dab7ae') in 1.122684 seconds 
  Import took 1.126279 seconds .

========================================================================
Received Import Request.
  Time since last request: 0.001950 seconds.
  path: Assets/ground 1.controller
  artifactKey: Guid(15254b4dd18a7472986c22a2ff388c3f) Importer(815301076,1909f56bfc062723c751e8b465ee728b)
Start importing Assets/ground 1.controller using Guid(15254b4dd18a7472986c22a2ff388c3f) Importer(815301076,1909f56bfc062723c751e8b465ee728b)  -> (artifact id: '5d8c88b3d4335fce1721bea5b4ffc2f4') in 0.005978 seconds 
  Import took 0.009541 seconds .

========================================================================
Received Import Request.
  Time since last request: 7.483971 seconds.
  path: Assets/bird.controller
  artifactKey: Guid(a8916d6b6d6a54c16b868a82daeec973) Importer(815301076,1909f56bfc062723c751e8b465ee728b)
Start importing Assets/bird.controller using Guid(a8916d6b6d6a54c16b868a82daeec973) Importer(815301076,1909f56bfc062723c751e8b465ee728b)  -> (artifact id: '58faba7072c973a21ecd7d0c414dbd66') in 0.004700 seconds 
  Import took 0.008964 seconds .

========================================================================
Received Import Request.
  Time since last request: 2.778371 seconds.
  path: Assets/ground.controller
  artifactKey: Guid(01786497a5f3b47d88f8d503c51b646b) Importer(815301076,1909f56bfc062723c751e8b465ee728b)
Start importing Assets/ground.controller using Guid(01786497a5f3b47d88f8d503c51b646b) Importer(815301076,1909f56bfc062723c751e8b465ee728b)  -> (artifact id: '662fd0d54f3d1d31b4c854d3cb1365d1') in 0.004393 seconds 
  Import took 0.008275 seconds .

========================================================================
Received Import Request.
  Time since last request: 106.273199 seconds.
  path: Assets/ground.anim
  artifactKey: Guid(22ed2977914424fa68dc8bf6d6a7a98f) Importer(815301076,1909f56bfc062723c751e8b465ee728b)
Start importing Assets/ground.anim using Guid(22ed2977914424fa68dc8bf6d6a7a98f) Importer(815301076,1909f56bfc062723c751e8b465ee728b)  -> (artifact id: '64be721d317e309b7f1f5f3f96925b2e') in 0.328670 seconds 
  Import took 0.332182 seconds .

========================================================================
Received Import Request.
  Time since last request: 38.058132 seconds.
  path: Assets/groundani.anim
  artifactKey: Guid(0467a84d3fe614419b39f0a44cf5c8aa) Importer(815301076,1909f56bfc062723c751e8b465ee728b)
Start importing Assets/groundani.anim using Guid(0467a84d3fe614419b39f0a44cf5c8aa) Importer(815301076,1909f56bfc062723c751e8b465ee728b)  -> (artifact id: '738ff2a5a3345c9982b68fd602baf958') in 0.002238 seconds 
  Import took 0.005543 seconds .

========================================================================
Received Import Request.
  Time since last request: 1.444302 seconds.
  path: Assets/groundanimation.anim
  artifactKey: Guid(d0e53ac65068249bd99b0295393db842) Importer(815301076,1909f56bfc062723c751e8b465ee728b)
Start importing Assets/groundanimation.anim using Guid(d0e53ac65068249bd99b0295393db842) Importer(815301076,1909f56bfc062723c751e8b465ee728b)  -> (artifact id: 'fe15955bc2a184b10a7eca9f7a118704') in 0.002120 seconds 
  Import took 0.005863 seconds .

========================================================================
Received Import Request.
  Time since last request: 49.489596 seconds.
  path: Assets/groundMotion.anim
  artifactKey: Guid(22ed2977914424fa68dc8bf6d6a7a98f) Importer(815301076,1909f56bfc062723c751e8b465ee728b)
Start importing Assets/groundMotion.anim using Guid(22ed2977914424fa68dc8bf6d6a7a98f) Importer(815301076,1909f56bfc062723c751e8b465ee728b)  -> (artifact id: '289e967abc2a7e67e7115e48e62a612e') in 0.003042 seconds 
  Import took 0.006621 seconds .

========================================================================
Received Import Request.
  Time since last request: 35.110409 seconds.
  path: Assets/groundmotio.anim
  artifactKey: Guid(6a42ec1f00e934424bcf7f5194047c31) Importer(815301076,1909f56bfc062723c751e8b465ee728b)
Start importing Assets/groundmotio.anim using Guid(6a42ec1f00e934424bcf7f5194047c31) Importer(815301076,1909f56bfc062723c751e8b465ee728b)  -> (artifact id: '9366b99e5d69ceed293f5c5988ef5df0') in 0.002136 seconds 
  Import took 0.006191 seconds .

========================================================================
Received Import Request.
  Time since last request: 18.510309 seconds.
  path: Assets/Ground.anim
  artifactKey: Guid(b65ed6ea3e9d84f9589e8eb5e98c092c) Importer(815301076,1909f56bfc062723c751e8b465ee728b)
Start importing Assets/Ground.anim using Guid(b65ed6ea3e9d84f9589e8eb5e98c092c) Importer(815301076,1909f56bfc062723c751e8b465ee728b)  -> (artifact id: '4238de20187b42d0fa79ec4b98740a0e') in 0.004033 seconds 
  Import took 0.007788 seconds .

========================================================================
Received Import Request.
  Time since last request: 2.238296 seconds.
  path: Assets/ground.controller
  artifactKey: Guid(01786497a5f3b47d88f8d503c51b646b) Importer(815301076,1909f56bfc062723c751e8b465ee728b)
Start importing Assets/ground.controller using Guid(01786497a5f3b47d88f8d503c51b646b) Importer(815301076,1909f56bfc062723c751e8b465ee728b)  -> (artifact id: '47d3992769e123bc591de29c09ed8375') in 0.003728 seconds 
  Import took 0.007431 seconds .

========================================================================
Received Import Request.
  Time since last request: 469.673163 seconds.
  path: Packages/com.unity.2d.spriteshape/Editor/ObjectMenuCreation/DefaultAssets/Sprite Shapes/Closed Sprite Shape.prefab
  artifactKey: Guid(c0583b4e855c74b8c82e7b9b5efb5ce9) Importer(815301076,1909f56bfc062723c751e8b465ee728b)
Start importing Packages/com.unity.2d.spriteshape/Editor/ObjectMenuCreation/DefaultAssets/Sprite Shapes/Closed Sprite Shape.prefab using Guid(c0583b4e855c74b8c82e7b9b5efb5ce9) Importer(815301076,1909f56bfc062723c751e8b465ee728b)  -> (artifact id: 'c5c845828cede3f25819031102be01e1') in 0.310722 seconds 
  Import took 0.314359 seconds .

========================================================================
Received Import Request.
  Time since last request: 0.001743 seconds.
  path: Packages/com.unity.2d.spriteshape/Editor/ObjectMenuCreation/DefaultAssets/Sprite Shapes/Open Sprite Shape.prefab
  artifactKey: Guid(86ae7de409eb54f619fb1328e4d42480) Importer(815301076,1909f56bfc062723c751e8b465ee728b)
Start importing Packages/com.unity.2d.spriteshape/Editor/ObjectMenuCreation/DefaultAssets/Sprite Shapes/Open Sprite Shape.prefab using Guid(86ae7de409eb54f619fb1328e4d42480) Importer(815301076,1909f56bfc062723c751e8b465ee728b)  -> (artifact id: '1cd094d74455b6e3ebbdb90683f10d20') in 0.015723 seconds 
  Import took 0.018956 seconds .

========================================================================
Received Import Request.
  Time since last request: 2.897504 seconds.
  path: Assets/birdfly.anim
  artifactKey: Guid(8e7191dcb05ca4af4a7b2dcb34920cda) Importer(815301076,1909f56bfc062723c751e8b465ee728b)
Start importing Assets/birdfly.anim using Guid(8e7191dcb05ca4af4a7b2dcb34920cda) Importer(815301076,1909f56bfc062723c751e8b465ee728b)  -> (artifact id: '1c527067955bce802d0f10559a07a0b9') in 0.004143 seconds 
  Import took 0.007806 seconds .

========================================================================
Received Prepare
Registering precompiled user dll's ...
Registered in 0.001370 seconds.
Begin MonoManager ReloadAssembly
Native extension for OSXStandalone target not found
Refreshing native plugins compatible for Editor in 0.39 ms, found 3 plugins.
Preloading 0 native plugins for Editor in 0.00 ms.
Mono: successfully reloaded assembly
- Completed reload, in  1.133 seconds
Domain Reload Profiling:
	ReloadAssembly (1134ms)
		BeginReloadAssembly (139ms)
			ExecutionOrderSort (0ms)
			DisableScriptedObjects (6ms)
			BackupInstance (0ms)
			ReleaseScriptingObjects (0ms)
			CreateAndSetChildDomain (66ms)
		EndReloadAssembly (930ms)
			LoadAssemblies (79ms)
			RebuildTransferFunctionScriptingTraits (0ms)
			SetupTypeCache (341ms)
			ReleaseScriptCaches (1ms)
			RebuildScriptCaches (54ms)
			SetupLoadedEditorAssemblies (328ms)
				LogAssemblyErrors (0ms)
				InitializePlatformSupportModulesInManaged (5ms)
				SetLoadedEditorAssemblies (0ms)
				RefreshPlugins (0ms)
				BeforeProcessingInitializeOnLoad (98ms)
				ProcessInitializeOnLoadAttributes (216ms)
				ProcessInitializeOnLoadMethodAttributes (7ms)
				AfterProcessingInitializeOnLoad (1ms)
				EditorAssembliesLoaded (0ms)
			ExecutionOrderSort2 (0ms)
			AwakeInstancesAfterBackupRestoration (11ms)
Platform modules already initialized, skipping
Refreshing native plugins compatible for Editor in 0.36 ms, found 3 plugins.
Preloading 0 native plugins for Editor in 0.00 ms.
Unloading 2081 Unused Serialized files (Serialized files now loaded: 0)
System memory in use before: 208.3 MB.
System memory in use after: 208.4 MB.

Unloading 15 unused Assets to reduce memory usage. Loaded Objects now: 2580.
Total: 3.138898 ms (FindLiveObjects: 0.203830 ms CreateObjectMapping: 0.066890 ms MarkObjects: 2.852969 ms  DeleteObjects: 0.014348 ms)

AssetImportParameters requested are different than current active one (requested -> active):
  custom:video-decoder-ogg-theora: a1e56fd34408186e4bbccfd4996cb3dc -> 
  custom:container-muxer-webm: aa71ff27fc2769a1b78a27578f13a17b -> 
  custom:container-demuxer-webm: 4f35f7cbe854078d1ac9338744f61a02 -> 
  custom:container-demuxer-ogg: 62fdf1f143b41e24485cea50d1cbac27 -> 
  custom:video-encoder-webm-vp8: eb34c28f22e8b96e1ab97ce403110664 -> 
  custom:framework-osx-AVFoundation: e770b220cccbd017edd2c1fefb359320 -> 
  custom:video-decoder-webm-vp8: 9c59270c3fd7afecdb556c50c9e8de78 -> 
  custom:audio-decoder-ogg-vorbis: bf7c407c2cedff20999df2af8eb42d56 -> 
  custom:audio-encoder-webm-vorbis: bf7c407c2cedff20999df2af8eb42d56 -> 
AssetImportWorkerClient::OnTransportError - code=2 error=End of file
